Flow report for playSound
Wed Nov 29 11:47:19 2017
Quartus Prime Version 17.0.0 Build 595 04/25/2017 SJ Standard Edition


---------------------
; Table of Contents ;
---------------------
  1. Legal Notice
  2. Flow Summary
  3. Flow Settings
  4. Flow Non-Default Global Settings
  5. Flow Elapsed Time
  6. Flow OS Summary
  7. Flow Log
  8. Flow Messages
  9. Flow Suppressed Messages



----------------
; Legal Notice ;
----------------
Copyright (C) 2017  Intel Corporation. All rights reserved.
Your use of Intel Corporation's design tools, logic functions 
and other software and tools, and its AMPP partner logic 
functions, and any output files from any of the foregoing 
(including device programming or simulation files), and any 
associated documentation or information are expressly subject 
to the terms and conditions of the Intel Program License 
Subscription Agreement, the Intel Quartus Prime License Agreement,
the Intel MegaCore Function License Agreement, or other 
applicable license agreement, including, without limitation, 
that your use is for the sole purpose of programming logic 
devices manufactured by Intel and sold by Intel or its 
authorized distributors.  Please refer to the applicable 
agreement for further details.



+-----------------------------------------------------------------------------------+
; Flow Summary                                                                      ;
+---------------------------------+-------------------------------------------------+
; Flow Status                     ; Successful - Wed Nov 29 11:46:13 2017           ;
; Quartus Prime Version           ; 17.0.0 Build 595 04/25/2017 SJ Standard Edition ;
; Revision Name                   ; playSound                                       ;
; Top-level Entity Name           ; playSound                                       ;
; Family                          ; Cyclone V                                       ;
; Device                          ; 5CSEMA5F31C6                                    ;
; Timing Models                   ; Final                                           ;
; Logic utilization (in ALMs)     ; 1,749 / 32,070 ( 5 % )                          ;
; Total registers                 ; 3468                                            ;
; Total pins                      ; 59 / 457 ( 13 % )                               ;
; Total virtual pins              ; 0                                               ;
; Total block memory bits         ; 2,957,312 / 4,065,280 ( 73 % )                  ;
; Total DSP Blocks                ; 0 / 87 ( 0 % )                                  ;
; Total HSSI RX PCSs              ; 0                                               ;
; Total HSSI PMA RX Deserializers ; 0                                               ;
; Total HSSI TX PCSs              ; 0                                               ;
; Total HSSI PMA TX Serializers   ; 0                                               ;
; Total PLLs                      ; 1 / 6 ( 17 % )                                  ;
; Total DLLs                      ; 0 / 4 ( 0 % )                                   ;
+---------------------------------+-------------------------------------------------+


+-----------------------------------------+
; Flow Settings                           ;
+-------------------+---------------------+
; Option            ; Setting             ;
+-------------------+---------------------+
; Start date & time ; 11/29/2017 11:42:00 ;
; Main task         ; Compilation         ;
; Revision Name     ; playSound           ;
+-------------------+---------------------+


+-------------------------------------------------------------------------------------------------------------------------+
; Flow Non-Default Global Settings                                                                                        ;
+-------------------------------------+----------------------------------------+---------------+-------------+------------+
; Assignment Name                     ; Value                                  ; Default Value ; Entity Name ; Section Id ;
+-------------------------------------+----------------------------------------+---------------+-------------+------------+
; COMPILER_SIGNATURE_ID               ; 167746773773502.151197371901828        ; --            ; --          ; --         ;
; MAX_CORE_JUNCTION_TEMP              ; 85                                     ; --            ; --          ; --         ;
; MIN_CORE_JUNCTION_TEMP              ; 0                                      ; --            ; --          ; --         ;
; MISC_FILE                           ; RAM0_bb.v                              ; --            ; --          ; --         ;
; MISC_FILE                           ; RAM1_bb.v                              ; --            ; --          ; --         ;
; MISC_FILE                           ; RAM2_bb.v                              ; --            ; --          ; --         ;
; MISC_FILE                           ; RAM3_bb.v                              ; --            ; --          ; --         ;
; MISC_FILE                           ; RAM4_bb.v                              ; --            ; --          ; --         ;
; MISC_FILE                           ; RAM5_bb.v                              ; --            ; --          ; --         ;
; MISC_FILE                           ; RAM6_bb.v                              ; --            ; --          ; --         ;
; MISC_FILE                           ; RAM7_bb.v                              ; --            ; --          ; --         ;
; MISC_FILE                           ; RAM8_bb.v                              ; --            ; --          ; --         ;
; MISC_FILE                           ; RAM9_bb.v                              ; --            ; --          ; --         ;
; MISC_FILE                           ; RAM10_bb.v                             ; --            ; --          ; --         ;
; MISC_FILE                           ; RAM11_bb.v                             ; --            ; --          ; --         ;
; MISC_FILE                           ; RAM12_bb.v                             ; --            ; --          ; --         ;
; MISC_FILE                           ; RAM13_bb.v                             ; --            ; --          ; --         ;
; MISC_FILE                           ; RAM14_bb.v                             ; --            ; --          ; --         ;
; MISC_FILE                           ; RAM15_bb.v                             ; --            ; --          ; --         ;
; MISC_FILE                           ; nRAM0_bb.v                             ; --            ; --          ; --         ;
; MISC_FILE                           ; nRAM2_bb.v                             ; --            ; --          ; --         ;
; MISC_FILE                           ; nRAM3_bb.v                             ; --            ; --          ; --         ;
; MISC_FILE                           ; nRAM4_bb.v                             ; --            ; --          ; --         ;
; MISC_FILE                           ; nRAM5_bb.v                             ; --            ; --          ; --         ;
; MISC_FILE                           ; nRAM6_bb.v                             ; --            ; --          ; --         ;
; MISC_FILE                           ; nRAM7_bb.v                             ; --            ; --          ; --         ;
; MISC_FILE                           ; nRAM8_bb.v                             ; --            ; --          ; --         ;
; MISC_FILE                           ; nRAM9_bb.v                             ; --            ; --          ; --         ;
; MISC_FILE                           ; nRAM10_bb.v                            ; --            ; --          ; --         ;
; MISC_FILE                           ; nRAM11_bb.v                            ; --            ; --          ; --         ;
; MISC_FILE                           ; nRAM12_bb.v                            ; --            ; --          ; --         ;
; MISC_FILE                           ; nRAM13_bb.v                            ; --            ; --          ; --         ;
; MISC_FILE                           ; nRAM14_bb.v                            ; --            ; --          ; --         ;
; MISC_FILE                           ; nRAM15_bb.v                            ; --            ; --          ; --         ;
; MISC_FILE                           ; nRAM1_bb.v                             ; --            ; --          ; --         ;
; MISC_FILE                           ; Divider_bb.v                           ; --            ; --          ; --         ;
; PARTITION_COLOR                     ; -- (Not supported for targeted family) ; --            ; --          ; Top        ;
; PARTITION_FITTER_PRESERVATION_LEVEL ; -- (Not supported for targeted family) ; --            ; --          ; Top        ;
; PARTITION_NETLIST_TYPE              ; -- (Not supported for targeted family) ; --            ; --          ; Top        ;
; POWER_BOARD_THERMAL_MODEL           ; None (CONSERVATIVE)                    ; --            ; --          ; --         ;
; POWER_PRESET_COOLING_SOLUTION       ; 23 MM HEAT SINK WITH 200 LFPM AIRFLOW  ; --            ; --          ; --         ;
; PROJECT_OUTPUT_DIRECTORY            ; output_files                           ; --            ; --          ; --         ;
+-------------------------------------+----------------------------------------+---------------+-------------+------------+


+-------------------------------------------------------------------------------------------------------------------------------+
; Flow Elapsed Time                                                                                                             ;
+---------------------------+--------------+-------------------------+---------------------+------------------------------------+
; Module Name               ; Elapsed Time ; Average Processors Used ; Peak Virtual Memory ; Total CPU Time (on all processors) ;
+---------------------------+--------------+-------------------------+---------------------+------------------------------------+
; Analysis & Synthesis      ; 00:00:50     ; 1.0                     ; 797 MB              ; 00:00:29                           ;
; Fitter                    ; 00:01:40     ; 1.2                     ; 2672 MB             ; 00:03:14                           ;
; Assembler                 ; 00:00:29     ; 1.0                     ; 760 MB              ; 00:00:10                           ;
; TimeQuest Timing Analyzer ; 00:00:57     ; 1.3                     ; 1148 MB             ; 00:00:27                           ;
; Total                     ; 00:03:56     ; --                      ; --                  ; 00:04:20                           ;
+---------------------------+--------------+-------------------------+---------------------+------------------------------------+


+----------------------------------------------------------------------------------------+
; Flow OS Summary                                                                        ;
+---------------------------+------------------+-----------+------------+----------------+
; Module Name               ; Machine Hostname ; OS Name   ; OS Version ; Processor type ;
+---------------------------+------------------+-----------+------------+----------------+
; Analysis & Synthesis      ; BA3135WS18       ; Windows 7 ; 6.1        ; x86_64         ;
; Fitter                    ; BA3135WS18       ; Windows 7 ; 6.1        ; x86_64         ;
; Assembler                 ; BA3135WS18       ; Windows 7 ; 6.1        ; x86_64         ;
; TimeQuest Timing Analyzer ; BA3135WS18       ; Windows 7 ; 6.1        ; x86_64         ;
+---------------------------+------------------+-----------+------------+----------------+


------------
; Flow Log ;
------------
quartus_map --read_settings_files=on --write_settings_files=off playSound -c playSound
quartus_fit --read_settings_files=off --write_settings_files=off playSound -c playSound
quartus_asm --read_settings_files=off --write_settings_files=off playSound -c playSound
quartus_sta playSound -c playSound



